[2025-01-07 15:20:10,379] 30 root - INFO -Entered the data ingestion method or component
[2025-01-07 15:20:10,384] 33 root - INFO -Read the csv file
[2025-01-07 15:20:10,388] 39 root - INFO -Train test split initialised
[2025-01-07 15:20:10,394] 46 root - INFO -Ingestion of the data is completed
[2025-01-07 15:20:10,413] 84 root - INFO -Read train and test data completed
[2025-01-07 15:20:10,413] 86 root - INFO -Obtaining preprocessing object
[2025-01-07 15:20:10,413] 60 root - INFO -Categorical columns: ['gender', 'race_ethnicity', 'parental_level_of_education', 'lunch', 'test_preparation_course']
[2025-01-07 15:20:10,413] 61 root - INFO -Numerical columns: ['writing_score', 'reading_score']
[2025-01-07 15:20:10,415] 99 root - INFO -Applying preprocessing object on training dataframe and testing dataframe.
[2025-01-07 15:20:10,431] 111 root - INFO -Saved preprocessing object.
[2025-01-07 15:20:10,432] 35 root - INFO -X Y Split started for test and train data
[2025-01-07 15:21:09,777] 86 root - INFO -Model performance metrics:
[2025-01-07 15:21:09,777] 88 root - INFO -Model: Random Forest
[2025-01-07 15:21:09,777] 89 root - INFO -Train R²: 0.9773, Test R²: 0.8544
[2025-01-07 15:21:09,777] 90 root - INFO -Train MAE: 1.8025, Test MAE: 4.5965
[2025-01-07 15:21:09,777] 91 root - INFO -Train RMSE: 2.2623, Test RMSE: 5.9517
[2025-01-07 15:21:09,777] 92 root - INFO ---------------------------------------------------
[2025-01-07 15:21:09,777] 88 root - INFO -Model: Decision Tree
[2025-01-07 15:21:09,777] 89 root - INFO -Train R²: 0.9997, Test R²: 0.7464
[2025-01-07 15:21:09,777] 90 root - INFO -Train MAE: 0.0187, Test MAE: 6.2450
[2025-01-07 15:21:09,777] 91 root - INFO -Train RMSE: 0.2795, Test RMSE: 7.8559
[2025-01-07 15:21:09,778] 92 root - INFO ---------------------------------------------------
[2025-01-07 15:21:09,778] 88 root - INFO -Model: Gradient Boosting
[2025-01-07 15:21:09,778] 89 root - INFO -Train R²: 0.8955, Test R²: 0.8737
[2025-01-07 15:21:09,778] 90 root - INFO -Train MAE: 3.8912, Test MAE: 4.2461
[2025-01-07 15:21:09,778] 91 root - INFO -Train RMSE: 4.8536, Test RMSE: 5.5431
[2025-01-07 15:21:09,778] 92 root - INFO ---------------------------------------------------
[2025-01-07 15:21:09,778] 88 root - INFO -Model: Linear Regression
[2025-01-07 15:21:09,778] 89 root - INFO -Train R²: 0.8743, Test R²: 0.8804
[2025-01-07 15:21:09,778] 90 root - INFO -Train MAE: 4.2667, Test MAE: 4.2148
[2025-01-07 15:21:09,778] 91 root - INFO -Train RMSE: 5.3231, Test RMSE: 5.3940
[2025-01-07 15:21:09,778] 92 root - INFO ---------------------------------------------------
[2025-01-07 15:21:09,778] 88 root - INFO -Model: AdaBoost Regressor
[2025-01-07 15:21:09,778] 89 root - INFO -Train R²: 0.8487, Test R²: 0.8511
[2025-01-07 15:21:09,778] 90 root - INFO -Train MAE: 4.7922, Test MAE: 4.7117
[2025-01-07 15:21:09,778] 91 root - INFO -Train RMSE: 5.8412, Test RMSE: 6.0194
[2025-01-07 15:21:09,778] 92 root - INFO ---------------------------------------------------
[2025-01-07 15:21:09,778] 95 root - INFO -Best model selected: Linear Regression
[2025-01-07 15:21:09,778] 98 root - INFO -train_r2: 0.8743172040139593
[2025-01-07 15:21:09,778] 98 root - INFO -test_r2: 0.8804332983749565
[2025-01-07 15:21:09,778] 98 root - INFO -train_mae: 4.266711846071957
[2025-01-07 15:21:09,778] 98 root - INFO -test_mae: 4.21476314247485
[2025-01-07 15:21:09,778] 98 root - INFO -train_rmse: 5.323050852720513
[2025-01-07 15:21:09,778] 98 root - INFO -test_rmse: 5.393993869732841
[2025-01-07 15:21:09,779] 99 root - INFO ---------------------------------------------------
[2025-01-07 15:21:09,779] 102 root - INFO -Best parameters for Linear Regression:
[2025-01-07 15:21:09,779] 108 root - INFO -copy_X: True
[2025-01-07 15:21:09,779] 108 root - INFO -fit_intercept: True
[2025-01-07 15:21:09,779] 108 root - INFO -n_jobs: None
[2025-01-07 15:21:09,779] 108 root - INFO -positive: False
[2025-01-07 15:21:09,779] 109 root - INFO ---------------------------------------------------
